<?xml version="1.0" ?>
<!DOCTYPE coverage SYSTEM 'http://cobertura.sourceforge.net/xml/coverage-04.dtd'>
<coverage line-rate="0.862" lines-covered="301" lines-valid="349" branch-rate="1.0" branches-covered="1.0" branches-rate="1.0" complexity="1.0" version="1.9" timestamp="1766499572">
	<sources>
		<source>/home/runner/work/zspec/zspec/src/</source>
	</sources>
	<packages>
		<package name="test" line-rate="0.862" lines-covered="301" lines-valid="349" branch-rate="1.0" complexity="1.0">
			<classes>
				<class name="matchers_zig__0" filename="matchers.zig" branch-rate="1.0" complexity="1.0" line-rate="0.749">
					<lines>
						<line number="27" hits="9"/>
						<line number="37" hits="4"/>
						<line number="38" hits="12"/>
						<line number="43" hits="4"/>
						<line number="44" hits="13"/>
						<line number="49" hits="8"/>
						<line number="50" hits="13"/>
						<line number="62" hits="8"/>
						<line number="63" hits="24"/>
						<line number="71" hits="2"/>
						<line number="72" hits="2"/>
						<line number="73" hits="2"/>
						<line number="74" hits="0"/>
						<line number="75" hits="0"/>
						<line number="77" hits="0"/>
						<line number="79" hits="2"/>
						<line number="84" hits="1"/>
						<line number="85" hits="2"/>
						<line number="86" hits="1"/>
						<line number="87" hits="0"/>
						<line number="90" hits="0"/>
						<line number="92" hits="1"/>
						<line number="101" hits="2"/>
						<line number="102" hits="2"/>
						<line number="106" hits="2"/>
						<line number="107" hits="2"/>
						<line number="108" hits="0"/>
						<line number="109" hits="0"/>
						<line number="111" hits="0"/>
						<line number="113" hits="2"/>
						<line number="118" hits="1"/>
						<line number="119" hits="1"/>
						<line number="123" hits="1"/>
						<line number="124" hits="1"/>
						<line number="125" hits="0"/>
						<line number="128" hits="0"/>
						<line number="130" hits="1"/>
						<line number="139" hits="2"/>
						<line number="140" hits="2"/>
						<line number="141" hits="2"/>
						<line number="142" hits="0"/>
						<line number="143" hits="0"/>
						<line number="145" hits="0"/>
						<line number="147" hits="2"/>
						<line number="156" hits="2"/>
						<line number="157" hits="2"/>
						<line number="158" hits="2"/>
						<line number="159" hits="0"/>
						<line number="160" hits="0"/>
						<line number="162" hits="0"/>
						<line number="164" hits="2"/>
						<line number="169" hits="2"/>
						<line number="170" hits="2"/>
						<line number="171" hits="2"/>
						<line number="172" hits="0"/>
						<line number="173" hits="0"/>
						<line number="175" hits="0"/>
						<line number="177" hits="2"/>
						<line number="182" hits="2"/>
						<line number="183" hits="2"/>
						<line number="184" hits="2"/>
						<line number="185" hits="0"/>
						<line number="186" hits="0"/>
						<line number="188" hits="0"/>
						<line number="190" hits="2"/>
						<line number="195" hits="2"/>
						<line number="196" hits="2"/>
						<line number="197" hits="2"/>
						<line number="198" hits="0"/>
						<line number="199" hits="0"/>
						<line number="201" hits="0"/>
						<line number="203" hits="2"/>
						<line number="208" hits="2"/>
						<line number="209" hits="3"/>
						<line number="210" hits="2"/>
						<line number="211" hits="0"/>
						<line number="212" hits="0"/>
						<line number="214" hits="0"/>
						<line number="216" hits="2"/>
						<line number="225" hits="2"/>
						<line number="226" hits="2"/>
						<line number="227" hits="2"/>
						<line number="228" hits="2"/>
						<line number="229" hits="0"/>
						<line number="230" hits="0"/>
						<line number="232" hits="0"/>
						<line number="234" hits="2"/>
						<line number="239" hits="2"/>
						<line number="240" hits="2"/>
						<line number="241" hits="2"/>
						<line number="242" hits="2"/>
						<line number="243" hits="0"/>
						<line number="244" hits="0"/>
						<line number="246" hits="0"/>
						<line number="248" hits="2"/>
						<line number="253" hits="2"/>
						<line number="254" hits="2"/>
						<line number="255" hits="2"/>
						<line number="256" hits="2"/>
						<line number="257" hits="0"/>
						<line number="258" hits="0"/>
						<line number="260" hits="0"/>
						<line number="262" hits="2"/>
						<line number="267" hits="2"/>
						<line number="268" hits="4"/>
						<line number="269" hits="2"/>
						<line number="270" hits="2"/>
						<line number="271" hits="0"/>
						<line number="272" hits="0"/>
						<line number="274" hits="0"/>
						<line number="276" hits="2"/>
						<line number="281" hits="2"/>
						<line number="282" hits="4"/>
						<line number="283" hits="2"/>
						<line number="284" hits="0"/>
						<line number="285" hits="0"/>
						<line number="287" hits="0"/>
						<line number="289" hits="2"/>
						<line number="308" hits="8"/>
						<line number="309" hits="16"/>
						<line number="318" hits="1"/>
						<line number="319" hits="5"/>
						<line number="321" hits="6"/>
						<line number="324" hits="1"/>
						<line number="325" hits="6"/>
						<line number="328" hits="1"/>
						<line number="329" hits="5"/>
						<line number="330" hits="6"/>
						<line number="333" hits="1"/>
						<line number="334" hits="5"/>
						<line number="335" hits="6"/>
						<line number="338" hits="1"/>
						<line number="339" hits="6"/>
						<line number="342" hits="1"/>
						<line number="343" hits="1"/>
						<line number="344" hits="6"/>
						<line number="347" hits="1"/>
						<line number="348" hits="1"/>
						<line number="349" hits="6"/>
						<line number="352" hits="1"/>
						<line number="353" hits="5"/>
						<line number="354" hits="6"/>
						<line number="357" hits="1"/>
						<line number="358" hits="5"/>
						<line number="359" hits="6"/>
						<line number="362" hits="1"/>
						<line number="363" hits="5"/>
						<line number="364" hits="5"/>
						<line number="365" hits="6"/>
						<line number="368" hits="1"/>
						<line number="369" hits="5"/>
						<line number="370" hits="5"/>
						<line number="371" hits="6"/>
						<line number="374" hits="1"/>
						<line number="375" hits="5"/>
						<line number="376" hits="6"/>
						<line number="379" hits="1"/>
						<line number="380" hits="5"/>
						<line number="381" hits="6"/>
						<line number="384" hits="1"/>
						<line number="385" hits="5"/>
						<line number="386" hits="6"/>
						<line number="389" hits="1"/>
						<line number="390" hits="5"/>
						<line number="391" hits="6"/>
						<line number="394" hits="1"/>
						<line number="395" hits="5"/>
						<line number="396" hits="6"/>
						<line number="399" hits="1"/>
						<line number="400" hits="5"/>
						<line number="401" hits="6"/>
					</lines>
				</class>
				<class name="factory_zig__1" filename="factory.zig" branch-rate="1.0" complexity="1.0" line-rate="1.000">
					<lines>
						<line number="20" hits="1"/>
						<line number="21" hits="2"/>
						<line number="24" hits="1"/>
						<line number="25" hits="1"/>
						<line number="26" hits="2"/>
						<line number="27" hits="3"/>
						<line number="192" hits="7"/>
						<line number="193" hits="19"/>
						<line number="197" hits="1"/>
						<line number="198" hits="2"/>
						<line number="202" hits="8"/>
						<line number="203" hits="22"/>
						<line number="207" hits="1"/>
						<line number="208" hits="2"/>
						<line number="209" hits="1"/>
						<line number="210" hits="2"/>
						<line number="213" hits="9"/>
						<line number="214" hits="9"/>
						<line number="218" hits="16"/>
						<line number="219" hits="16"/>
						<line number="220" hits="16"/>
						<line number="222" hits="25"/>
						<line number="229" hits="2"/>
						<line number="230" hits="2"/>
						<line number="231" hits="1"/>
						<line number="232" hits="4"/>
						<line number="237" hits="14"/>
						<line number="238" hits="8"/>
						<line number="239" hits="28"/>
						<line number="274" hits="4"/>
						<line number="293" hits="2"/>
						<line number="294" hits="2"/>
						<line number="295" hits="2"/>
						<line number="296" hits="4"/>
						<line number="300" hits="1"/>
						<line number="301" hits="1"/>
						<line number="302" hits="1"/>
						<line number="303" hits="4"/>
						<line number="307" hits="1"/>
						<line number="308" hits="2"/>
						<line number="323" hits="1"/>
						<line number="324" hits="2"/>
						<line number="328" hits="2"/>
						<line number="329" hits="2"/>
						<line number="339" hits="14"/>
						<line number="367" hits="1"/>
						<line number="368" hits="3"/>
						<line number="377" hits="1"/>
						<line number="378" hits="3"/>
						<line number="388" hits="1"/>
						<line number="389" hits="1"/>
						<line number="393" hits="3"/>
						<line number="394" hits="3"/>
						<line number="395" hits="3"/>
						<line number="397" hits="3"/>
						<line number="412" hits="1"/>
						<line number="413" hits="1"/>
						<line number="414" hits="2"/>
						<line number="418" hits="2"/>
						<line number="419" hits="2"/>
						<line number="420" hits="4"/>
						<line number="508" hits="1"/>
						<line number="509" hits="1"/>
						<line number="519" hits="4"/>
						<line number="586" hits="1"/>
						<line number="599" hits="1"/>
						<line number="600" hits="2"/>
						<line number="601" hits="2"/>
						<line number="602" hits="3"/>
						<line number="605" hits="1"/>
						<line number="616" hits="1"/>
						<line number="617" hits="2"/>
						<line number="618" hits="3"/>
						<line number="621" hits="1"/>
						<line number="622" hits="1"/>
						<line number="634" hits="1"/>
						<line number="635" hits="1"/>
						<line number="636" hits="1"/>
						<line number="638" hits="2"/>
						<line number="639" hits="2"/>
						<line number="640" hits="3"/>
						<line number="643" hits="1"/>
						<line number="644" hits="1"/>
						<line number="655" hits="1"/>
						<line number="656" hits="3"/>
						<line number="658" hits="2"/>
						<line number="659" hits="2"/>
						<line number="661" hits="2"/>
						<line number="662" hits="2"/>
						<line number="665" hits="1"/>
						<line number="682" hits="1"/>
						<line number="683" hits="1"/>
						<line number="685" hits="2"/>
						<line number="686" hits="2"/>
						<line number="687" hits="3"/>
						<line number="690" hits="1"/>
						<line number="699" hits="1"/>
						<line number="700" hits="2"/>
						<line number="702" hits="2"/>
						<line number="705" hits="1"/>
						<line number="720" hits="1"/>
						<line number="721" hits="2"/>
						<line number="722" hits="3"/>
						<line number="725" hits="1"/>
						<line number="726" hits="1"/>
						<line number="733" hits="1"/>
						<line number="734" hits="2"/>
						<line number="744" hits="1"/>
						<line number="745" hits="3"/>
						<line number="748" hits="1"/>
						<line number="749" hits="1"/>
						<line number="759" hits="1"/>
						<line number="760" hits="1"/>
						<line number="761" hits="1"/>
						<line number="762" hits="2"/>
						<line number="764" hits="1"/>
						<line number="766" hits="1"/>
						<line number="767" hits="3"/>
					</lines>
				</class>
				<class name="zspec_zig__2" filename="zspec.zig" branch-rate="1.0" complexity="1.0" line-rate="0.917">
					<lines>
						<line number="29" hits="1"/>
						<line number="30" hits="1"/>
						<line number="31" hits="1"/>
						<line number="32" hits="1"/>
						<line number="34" hits="4"/>
						<line number="37" hits="1"/>
						<line number="38" hits="1"/>
						<line number="39" hits="2"/>
						<line number="67" hits="2"/>
						<line number="68" hits="3"/>
						<line number="69" hits="0"/>
						<line number="70" hits="1"/>
						<line number="81" hits="1"/>
						<line number="82" hits="1"/>
						<line number="83" hits="0"/>
						<line number="84" hits="1"/>
						<line number="88" hits="1"/>
						<line number="89" hits="1"/>
						<line number="90" hits="0"/>
						<line number="91" hits="1"/>
						<line number="123" hits="1"/>
						<line number="124" hits="1"/>
						<line number="125" hits="0"/>
						<line number="126" hits="1"/>
						<line number="130" hits="2"/>
						<line number="131" hits="2"/>
						<line number="132" hits="2"/>
						<line number="133" hits="0"/>
						<line number="134" hits="2"/>
						<line number="171" hits="1"/>
						<line number="172" hits="1"/>
						<line number="177" hits="1"/>
						<line number="178" hits="2"/>
						<line number="179" hits="2"/>
						<line number="182" hits="1"/>
						<line number="187" hits="2"/>
						<line number="188" hits="2"/>
						<line number="191" hits="2"/>
						<line number="192" hits="2"/>
						<line number="195" hits="1"/>
						<line number="196" hits="2"/>
						<line number="197" hits="3"/>
						<line number="200" hits="1"/>
						<line number="201" hits="1"/>
						<line number="202" hits="2"/>
						<line number="205" hits="1"/>
						<line number="206" hits="1"/>
						<line number="207" hits="2"/>
						<line number="210" hits="1"/>
						<line number="211" hits="1"/>
						<line number="212" hits="2"/>
						<line number="215" hits="1"/>
						<line number="216" hits="1"/>
						<line number="217" hits="2"/>
						<line number="220" hits="1"/>
						<line number="221" hits="1"/>
						<line number="222" hits="1"/>
						<line number="223" hits="2"/>
						<line number="227" hits="1"/>
						<line number="229" hits="2"/>
					</lines>
				</class>
			</classes>
		</package>
	</packages>
</coverage>
