<?xml version="1.0" ?>
<!DOCTYPE coverage SYSTEM 'http://cobertura.sourceforge.net/xml/coverage-04.dtd'>
<coverage line-rate="0.862" lines-covered="301" lines-valid="349" branch-rate="1.0" branches-covered="1.0" branches-rate="1.0" complexity="1.0" version="1.9" timestamp="1766521178">
	<sources>
		<source>/home/runner/work/zspec/zspec/src/</source>
	</sources>
	<packages>
		<package name="test" line-rate="0.862" lines-covered="301" lines-valid="349" branch-rate="1.0" complexity="1.0">
			<classes>
				<class name="matchers_zig__0" filename="matchers.zig" branch-rate="1.0" complexity="1.0" line-rate="0.749">
					<lines>
						<line number="27" hits="9"/>
						<line number="37" hits="4"/>
						<line number="38" hits="12"/>
						<line number="43" hits="4"/>
						<line number="44" hits="13"/>
						<line number="49" hits="8"/>
						<line number="50" hits="13"/>
						<line number="62" hits="8"/>
						<line number="63" hits="24"/>
						<line number="71" hits="2"/>
						<line number="72" hits="2"/>
						<line number="73" hits="2"/>
						<line number="74" hits="0"/>
						<line number="75" hits="0"/>
						<line number="77" hits="0"/>
						<line number="79" hits="2"/>
						<line number="84" hits="1"/>
						<line number="85" hits="2"/>
						<line number="86" hits="1"/>
						<line number="87" hits="0"/>
						<line number="90" hits="0"/>
						<line number="92" hits="1"/>
						<line number="101" hits="2"/>
						<line number="102" hits="2"/>
						<line number="106" hits="2"/>
						<line number="107" hits="2"/>
						<line number="108" hits="0"/>
						<line number="109" hits="0"/>
						<line number="111" hits="0"/>
						<line number="113" hits="2"/>
						<line number="118" hits="1"/>
						<line number="119" hits="1"/>
						<line number="123" hits="1"/>
						<line number="124" hits="1"/>
						<line number="125" hits="0"/>
						<line number="128" hits="0"/>
						<line number="130" hits="1"/>
						<line number="139" hits="2"/>
						<line number="140" hits="2"/>
						<line number="141" hits="2"/>
						<line number="142" hits="0"/>
						<line number="143" hits="0"/>
						<line number="145" hits="0"/>
						<line number="147" hits="2"/>
						<line number="156" hits="2"/>
						<line number="157" hits="2"/>
						<line number="158" hits="2"/>
						<line number="159" hits="0"/>
						<line number="160" hits="0"/>
						<line number="162" hits="0"/>
						<line number="164" hits="2"/>
						<line number="169" hits="2"/>
						<line number="170" hits="2"/>
						<line number="171" hits="2"/>
						<line number="172" hits="0"/>
						<line number="173" hits="0"/>
						<line number="175" hits="0"/>
						<line number="177" hits="2"/>
						<line number="182" hits="2"/>
						<line number="183" hits="2"/>
						<line number="184" hits="2"/>
						<line number="185" hits="0"/>
						<line number="186" hits="0"/>
						<line number="188" hits="0"/>
						<line number="190" hits="2"/>
						<line number="195" hits="2"/>
						<line number="196" hits="2"/>
						<line number="197" hits="2"/>
						<line number="198" hits="0"/>
						<line number="199" hits="0"/>
						<line number="201" hits="0"/>
						<line number="203" hits="2"/>
						<line number="208" hits="2"/>
						<line number="209" hits="3"/>
						<line number="210" hits="2"/>
						<line number="211" hits="0"/>
						<line number="212" hits="0"/>
						<line number="214" hits="0"/>
						<line number="216" hits="2"/>
						<line number="225" hits="2"/>
						<line number="226" hits="2"/>
						<line number="227" hits="2"/>
						<line number="228" hits="2"/>
						<line number="229" hits="0"/>
						<line number="230" hits="0"/>
						<line number="232" hits="0"/>
						<line number="234" hits="2"/>
						<line number="239" hits="2"/>
						<line number="240" hits="2"/>
						<line number="241" hits="2"/>
						<line number="242" hits="2"/>
						<line number="243" hits="0"/>
						<line number="244" hits="0"/>
						<line number="246" hits="0"/>
						<line number="248" hits="2"/>
						<line number="253" hits="2"/>
						<line number="254" hits="2"/>
						<line number="255" hits="2"/>
						<line number="256" hits="2"/>
						<line number="257" hits="0"/>
						<line number="258" hits="0"/>
						<line number="260" hits="0"/>
						<line number="262" hits="2"/>
						<line number="267" hits="2"/>
						<line number="268" hits="4"/>
						<line number="269" hits="2"/>
						<line number="270" hits="2"/>
						<line number="271" hits="0"/>
						<line number="272" hits="0"/>
						<line number="274" hits="0"/>
						<line number="276" hits="2"/>
						<line number="281" hits="2"/>
						<line number="282" hits="4"/>
						<line number="283" hits="2"/>
						<line number="284" hits="0"/>
						<line number="285" hits="0"/>
						<line number="287" hits="0"/>
						<line number="289" hits="2"/>
						<line number="308" hits="8"/>
						<line number="309" hits="16"/>
						<line number="318" hits="1"/>
						<line number="319" hits="5"/>
						<line number="321" hits="6"/>
						<line number="324" hits="1"/>
						<line number="325" hits="6"/>
						<line number="328" hits="1"/>
						<line number="329" hits="5"/>
						<line number="330" hits="6"/>
						<line number="333" hits="1"/>
						<line number="334" hits="5"/>
						<line number="335" hits="6"/>
						<line number="338" hits="1"/>
						<line number="339" hits="6"/>
						<line number="342" hits="1"/>
						<line number="343" hits="1"/>
						<line number="344" hits="6"/>
						<line number="347" hits="1"/>
						<line number="348" hits="1"/>
						<line number="349" hits="6"/>
						<line number="352" hits="1"/>
						<line number="353" hits="5"/>
						<line number="354" hits="6"/>
						<line number="357" hits="1"/>
						<line number="358" hits="5"/>
						<line number="359" hits="6"/>
						<line number="362" hits="1"/>
						<line number="363" hits="5"/>
						<line number="364" hits="5"/>
						<line number="365" hits="6"/>
						<line number="368" hits="1"/>
						<line number="369" hits="5"/>
						<line number="370" hits="5"/>
						<line number="371" hits="6"/>
						<line number="374" hits="1"/>
						<line number="375" hits="5"/>
						<line number="376" hits="6"/>
						<line number="379" hits="1"/>
						<line number="380" hits="5"/>
						<line number="381" hits="6"/>
						<line number="384" hits="1"/>
						<line number="385" hits="5"/>
						<line number="386" hits="6"/>
						<line number="389" hits="1"/>
						<line number="390" hits="5"/>
						<line number="391" hits="6"/>
						<line number="394" hits="1"/>
						<line number="395" hits="5"/>
						<line number="396" hits="6"/>
						<line number="399" hits="1"/>
						<line number="400" hits="5"/>
						<line number="401" hits="6"/>
					</lines>
				</class>
				<class name="factory_zig__1" filename="factory.zig" branch-rate="1.0" complexity="1.0" line-rate="1.000">
					<lines>
						<line number="20" hits="1"/>
						<line number="21" hits="2"/>
						<line number="24" hits="1"/>
						<line number="25" hits="1"/>
						<line number="26" hits="2"/>
						<line number="27" hits="3"/>
						<line number="238" hits="7"/>
						<line number="239" hits="19"/>
						<line number="243" hits="1"/>
						<line number="244" hits="2"/>
						<line number="248" hits="8"/>
						<line number="249" hits="22"/>
						<line number="253" hits="1"/>
						<line number="254" hits="2"/>
						<line number="255" hits="1"/>
						<line number="256" hits="2"/>
						<line number="259" hits="9"/>
						<line number="260" hits="9"/>
						<line number="264" hits="16"/>
						<line number="265" hits="16"/>
						<line number="266" hits="16"/>
						<line number="268" hits="25"/>
						<line number="275" hits="2"/>
						<line number="276" hits="2"/>
						<line number="277" hits="1"/>
						<line number="278" hits="4"/>
						<line number="283" hits="14"/>
						<line number="284" hits="8"/>
						<line number="285" hits="28"/>
						<line number="326" hits="4"/>
						<line number="345" hits="2"/>
						<line number="346" hits="2"/>
						<line number="347" hits="2"/>
						<line number="348" hits="4"/>
						<line number="352" hits="1"/>
						<line number="353" hits="1"/>
						<line number="354" hits="1"/>
						<line number="355" hits="4"/>
						<line number="359" hits="1"/>
						<line number="360" hits="2"/>
						<line number="375" hits="1"/>
						<line number="376" hits="2"/>
						<line number="380" hits="2"/>
						<line number="381" hits="2"/>
						<line number="397" hits="14"/>
						<line number="425" hits="1"/>
						<line number="426" hits="3"/>
						<line number="435" hits="1"/>
						<line number="436" hits="3"/>
						<line number="446" hits="1"/>
						<line number="447" hits="1"/>
						<line number="451" hits="3"/>
						<line number="452" hits="3"/>
						<line number="453" hits="3"/>
						<line number="455" hits="3"/>
						<line number="470" hits="1"/>
						<line number="471" hits="1"/>
						<line number="472" hits="2"/>
						<line number="476" hits="2"/>
						<line number="477" hits="2"/>
						<line number="478" hits="4"/>
						<line number="572" hits="1"/>
						<line number="573" hits="1"/>
						<line number="589" hits="4"/>
						<line number="656" hits="1"/>
						<line number="669" hits="1"/>
						<line number="670" hits="2"/>
						<line number="671" hits="2"/>
						<line number="672" hits="3"/>
						<line number="675" hits="1"/>
						<line number="686" hits="1"/>
						<line number="687" hits="2"/>
						<line number="688" hits="3"/>
						<line number="691" hits="1"/>
						<line number="692" hits="1"/>
						<line number="704" hits="1"/>
						<line number="705" hits="1"/>
						<line number="706" hits="1"/>
						<line number="708" hits="2"/>
						<line number="709" hits="2"/>
						<line number="710" hits="3"/>
						<line number="713" hits="1"/>
						<line number="714" hits="1"/>
						<line number="725" hits="1"/>
						<line number="726" hits="3"/>
						<line number="728" hits="2"/>
						<line number="729" hits="2"/>
						<line number="731" hits="2"/>
						<line number="732" hits="2"/>
						<line number="735" hits="1"/>
						<line number="752" hits="1"/>
						<line number="753" hits="1"/>
						<line number="755" hits="2"/>
						<line number="756" hits="2"/>
						<line number="757" hits="3"/>
						<line number="760" hits="1"/>
						<line number="769" hits="1"/>
						<line number="770" hits="2"/>
						<line number="772" hits="2"/>
						<line number="775" hits="1"/>
						<line number="790" hits="1"/>
						<line number="791" hits="2"/>
						<line number="792" hits="3"/>
						<line number="795" hits="1"/>
						<line number="796" hits="1"/>
						<line number="803" hits="1"/>
						<line number="804" hits="2"/>
						<line number="814" hits="1"/>
						<line number="815" hits="3"/>
						<line number="818" hits="1"/>
						<line number="819" hits="1"/>
						<line number="829" hits="1"/>
						<line number="830" hits="1"/>
						<line number="831" hits="1"/>
						<line number="832" hits="2"/>
						<line number="834" hits="1"/>
						<line number="836" hits="1"/>
						<line number="837" hits="3"/>
					</lines>
				</class>
				<class name="zspec_zig__2" filename="zspec.zig" branch-rate="1.0" complexity="1.0" line-rate="0.917">
					<lines>
						<line number="29" hits="1"/>
						<line number="30" hits="1"/>
						<line number="31" hits="1"/>
						<line number="32" hits="1"/>
						<line number="34" hits="4"/>
						<line number="37" hits="1"/>
						<line number="38" hits="1"/>
						<line number="39" hits="2"/>
						<line number="67" hits="2"/>
						<line number="68" hits="3"/>
						<line number="69" hits="0"/>
						<line number="70" hits="1"/>
						<line number="81" hits="1"/>
						<line number="82" hits="1"/>
						<line number="83" hits="0"/>
						<line number="84" hits="1"/>
						<line number="88" hits="1"/>
						<line number="89" hits="1"/>
						<line number="90" hits="0"/>
						<line number="91" hits="1"/>
						<line number="123" hits="1"/>
						<line number="124" hits="1"/>
						<line number="125" hits="0"/>
						<line number="126" hits="1"/>
						<line number="130" hits="2"/>
						<line number="131" hits="2"/>
						<line number="132" hits="2"/>
						<line number="133" hits="0"/>
						<line number="134" hits="2"/>
						<line number="171" hits="1"/>
						<line number="172" hits="1"/>
						<line number="177" hits="1"/>
						<line number="178" hits="2"/>
						<line number="179" hits="2"/>
						<line number="182" hits="1"/>
						<line number="187" hits="2"/>
						<line number="188" hits="2"/>
						<line number="191" hits="2"/>
						<line number="192" hits="2"/>
						<line number="195" hits="1"/>
						<line number="196" hits="2"/>
						<line number="197" hits="3"/>
						<line number="200" hits="1"/>
						<line number="201" hits="1"/>
						<line number="202" hits="2"/>
						<line number="205" hits="1"/>
						<line number="206" hits="1"/>
						<line number="207" hits="2"/>
						<line number="210" hits="1"/>
						<line number="211" hits="1"/>
						<line number="212" hits="2"/>
						<line number="215" hits="1"/>
						<line number="216" hits="1"/>
						<line number="217" hits="2"/>
						<line number="220" hits="1"/>
						<line number="221" hits="1"/>
						<line number="222" hits="1"/>
						<line number="223" hits="2"/>
						<line number="227" hits="1"/>
						<line number="229" hits="2"/>
					</lines>
				</class>
			</classes>
		</package>
	</packages>
</coverage>
