<?xml version="1.0" ?>
<!DOCTYPE coverage SYSTEM 'http://cobertura.sourceforge.net/xml/coverage-04.dtd'>
<coverage line-rate="0.862" lines-covered="301" lines-valid="349" branch-rate="1.0" branches-covered="1.0" branches-rate="1.0" complexity="1.0" version="1.9" timestamp="1764304856">
	<sources>
		<source>/home/runner/work/zspec/zspec/src/</source>
	</sources>
	<packages>
		<package name="test" line-rate="0.862" lines-covered="301" lines-valid="349" branch-rate="1.0" complexity="1.0">
			<classes>
				<class name="matchers_zig__0" filename="matchers.zig" branch-rate="1.0" complexity="1.0" line-rate="0.749">
					<lines>
						<line number="27" hits="9"/>
						<line number="37" hits="4"/>
						<line number="38" hits="12"/>
						<line number="43" hits="4"/>
						<line number="44" hits="13"/>
						<line number="49" hits="8"/>
						<line number="50" hits="13"/>
						<line number="62" hits="8"/>
						<line number="63" hits="24"/>
						<line number="71" hits="2"/>
						<line number="72" hits="2"/>
						<line number="73" hits="2"/>
						<line number="74" hits="0"/>
						<line number="75" hits="0"/>
						<line number="77" hits="0"/>
						<line number="79" hits="2"/>
						<line number="84" hits="1"/>
						<line number="85" hits="2"/>
						<line number="86" hits="1"/>
						<line number="87" hits="0"/>
						<line number="90" hits="0"/>
						<line number="92" hits="1"/>
						<line number="101" hits="2"/>
						<line number="102" hits="2"/>
						<line number="106" hits="2"/>
						<line number="107" hits="2"/>
						<line number="108" hits="0"/>
						<line number="109" hits="0"/>
						<line number="111" hits="0"/>
						<line number="113" hits="2"/>
						<line number="118" hits="1"/>
						<line number="119" hits="1"/>
						<line number="123" hits="1"/>
						<line number="124" hits="1"/>
						<line number="125" hits="0"/>
						<line number="128" hits="0"/>
						<line number="130" hits="1"/>
						<line number="139" hits="2"/>
						<line number="140" hits="2"/>
						<line number="141" hits="2"/>
						<line number="142" hits="0"/>
						<line number="143" hits="0"/>
						<line number="145" hits="0"/>
						<line number="147" hits="2"/>
						<line number="156" hits="2"/>
						<line number="157" hits="2"/>
						<line number="158" hits="2"/>
						<line number="159" hits="0"/>
						<line number="160" hits="0"/>
						<line number="162" hits="0"/>
						<line number="164" hits="2"/>
						<line number="169" hits="2"/>
						<line number="170" hits="2"/>
						<line number="171" hits="2"/>
						<line number="172" hits="0"/>
						<line number="173" hits="0"/>
						<line number="175" hits="0"/>
						<line number="177" hits="2"/>
						<line number="182" hits="2"/>
						<line number="183" hits="2"/>
						<line number="184" hits="2"/>
						<line number="185" hits="0"/>
						<line number="186" hits="0"/>
						<line number="188" hits="0"/>
						<line number="190" hits="2"/>
						<line number="195" hits="2"/>
						<line number="196" hits="2"/>
						<line number="197" hits="2"/>
						<line number="198" hits="0"/>
						<line number="199" hits="0"/>
						<line number="201" hits="0"/>
						<line number="203" hits="2"/>
						<line number="208" hits="2"/>
						<line number="209" hits="3"/>
						<line number="210" hits="2"/>
						<line number="211" hits="0"/>
						<line number="212" hits="0"/>
						<line number="214" hits="0"/>
						<line number="216" hits="2"/>
						<line number="225" hits="2"/>
						<line number="226" hits="2"/>
						<line number="227" hits="2"/>
						<line number="228" hits="2"/>
						<line number="229" hits="0"/>
						<line number="230" hits="0"/>
						<line number="232" hits="0"/>
						<line number="234" hits="2"/>
						<line number="239" hits="2"/>
						<line number="240" hits="2"/>
						<line number="241" hits="2"/>
						<line number="242" hits="2"/>
						<line number="243" hits="0"/>
						<line number="244" hits="0"/>
						<line number="246" hits="0"/>
						<line number="248" hits="2"/>
						<line number="253" hits="2"/>
						<line number="254" hits="2"/>
						<line number="255" hits="2"/>
						<line number="256" hits="2"/>
						<line number="257" hits="0"/>
						<line number="258" hits="0"/>
						<line number="260" hits="0"/>
						<line number="262" hits="2"/>
						<line number="267" hits="2"/>
						<line number="268" hits="4"/>
						<line number="269" hits="2"/>
						<line number="270" hits="2"/>
						<line number="271" hits="0"/>
						<line number="272" hits="0"/>
						<line number="274" hits="0"/>
						<line number="276" hits="2"/>
						<line number="281" hits="2"/>
						<line number="282" hits="4"/>
						<line number="283" hits="2"/>
						<line number="284" hits="0"/>
						<line number="285" hits="0"/>
						<line number="287" hits="0"/>
						<line number="289" hits="2"/>
						<line number="308" hits="8"/>
						<line number="309" hits="16"/>
						<line number="318" hits="1"/>
						<line number="319" hits="5"/>
						<line number="321" hits="6"/>
						<line number="324" hits="1"/>
						<line number="325" hits="6"/>
						<line number="328" hits="1"/>
						<line number="329" hits="5"/>
						<line number="330" hits="6"/>
						<line number="333" hits="1"/>
						<line number="334" hits="5"/>
						<line number="335" hits="6"/>
						<line number="338" hits="1"/>
						<line number="339" hits="6"/>
						<line number="342" hits="1"/>
						<line number="343" hits="1"/>
						<line number="344" hits="6"/>
						<line number="347" hits="1"/>
						<line number="348" hits="1"/>
						<line number="349" hits="6"/>
						<line number="352" hits="1"/>
						<line number="353" hits="5"/>
						<line number="354" hits="6"/>
						<line number="357" hits="1"/>
						<line number="358" hits="5"/>
						<line number="359" hits="6"/>
						<line number="362" hits="1"/>
						<line number="363" hits="5"/>
						<line number="364" hits="5"/>
						<line number="365" hits="6"/>
						<line number="368" hits="1"/>
						<line number="369" hits="5"/>
						<line number="370" hits="5"/>
						<line number="371" hits="6"/>
						<line number="374" hits="1"/>
						<line number="375" hits="5"/>
						<line number="376" hits="6"/>
						<line number="379" hits="1"/>
						<line number="380" hits="5"/>
						<line number="381" hits="6"/>
						<line number="384" hits="1"/>
						<line number="385" hits="5"/>
						<line number="386" hits="6"/>
						<line number="389" hits="1"/>
						<line number="390" hits="5"/>
						<line number="391" hits="6"/>
						<line number="394" hits="1"/>
						<line number="395" hits="5"/>
						<line number="396" hits="6"/>
						<line number="399" hits="1"/>
						<line number="400" hits="5"/>
						<line number="401" hits="6"/>
					</lines>
				</class>
				<class name="factory_zig__1" filename="factory.zig" branch-rate="1.0" complexity="1.0" line-rate="1.000">
					<lines>
						<line number="20" hits="1"/>
						<line number="21" hits="2"/>
						<line number="24" hits="1"/>
						<line number="25" hits="1"/>
						<line number="26" hits="2"/>
						<line number="27" hits="3"/>
						<line number="114" hits="7"/>
						<line number="115" hits="19"/>
						<line number="119" hits="1"/>
						<line number="120" hits="2"/>
						<line number="124" hits="8"/>
						<line number="125" hits="22"/>
						<line number="129" hits="1"/>
						<line number="130" hits="2"/>
						<line number="131" hits="1"/>
						<line number="132" hits="2"/>
						<line number="135" hits="9"/>
						<line number="136" hits="9"/>
						<line number="140" hits="16"/>
						<line number="141" hits="16"/>
						<line number="142" hits="16"/>
						<line number="144" hits="25"/>
						<line number="151" hits="2"/>
						<line number="152" hits="2"/>
						<line number="153" hits="1"/>
						<line number="154" hits="4"/>
						<line number="159" hits="14"/>
						<line number="160" hits="8"/>
						<line number="161" hits="28"/>
						<line number="191" hits="4"/>
						<line number="229" hits="2"/>
						<line number="230" hits="2"/>
						<line number="231" hits="2"/>
						<line number="232" hits="4"/>
						<line number="236" hits="1"/>
						<line number="237" hits="1"/>
						<line number="238" hits="1"/>
						<line number="239" hits="4"/>
						<line number="243" hits="1"/>
						<line number="244" hits="2"/>
						<line number="259" hits="1"/>
						<line number="260" hits="2"/>
						<line number="264" hits="2"/>
						<line number="265" hits="2"/>
						<line number="269" hits="14"/>
						<line number="297" hits="1"/>
						<line number="298" hits="3"/>
						<line number="307" hits="1"/>
						<line number="308" hits="3"/>
						<line number="318" hits="1"/>
						<line number="319" hits="1"/>
						<line number="323" hits="3"/>
						<line number="324" hits="3"/>
						<line number="325" hits="3"/>
						<line number="327" hits="3"/>
						<line number="342" hits="1"/>
						<line number="343" hits="1"/>
						<line number="344" hits="2"/>
						<line number="348" hits="2"/>
						<line number="349" hits="2"/>
						<line number="350" hits="4"/>
						<line number="423" hits="1"/>
						<line number="424" hits="1"/>
						<line number="428" hits="4"/>
						<line number="490" hits="1"/>
						<line number="503" hits="1"/>
						<line number="504" hits="2"/>
						<line number="505" hits="2"/>
						<line number="506" hits="3"/>
						<line number="509" hits="1"/>
						<line number="520" hits="1"/>
						<line number="521" hits="2"/>
						<line number="522" hits="3"/>
						<line number="525" hits="1"/>
						<line number="526" hits="1"/>
						<line number="538" hits="1"/>
						<line number="539" hits="1"/>
						<line number="540" hits="1"/>
						<line number="542" hits="2"/>
						<line number="543" hits="2"/>
						<line number="544" hits="3"/>
						<line number="547" hits="1"/>
						<line number="548" hits="1"/>
						<line number="559" hits="1"/>
						<line number="560" hits="3"/>
						<line number="562" hits="2"/>
						<line number="563" hits="2"/>
						<line number="565" hits="2"/>
						<line number="566" hits="2"/>
						<line number="569" hits="1"/>
						<line number="586" hits="1"/>
						<line number="587" hits="1"/>
						<line number="589" hits="2"/>
						<line number="590" hits="2"/>
						<line number="591" hits="3"/>
						<line number="594" hits="1"/>
						<line number="603" hits="1"/>
						<line number="604" hits="2"/>
						<line number="606" hits="2"/>
						<line number="609" hits="1"/>
						<line number="624" hits="1"/>
						<line number="625" hits="2"/>
						<line number="626" hits="3"/>
						<line number="629" hits="1"/>
						<line number="630" hits="1"/>
						<line number="637" hits="1"/>
						<line number="638" hits="2"/>
						<line number="648" hits="1"/>
						<line number="649" hits="3"/>
						<line number="652" hits="1"/>
						<line number="653" hits="1"/>
						<line number="663" hits="1"/>
						<line number="664" hits="1"/>
						<line number="665" hits="1"/>
						<line number="666" hits="2"/>
						<line number="668" hits="1"/>
						<line number="670" hits="1"/>
						<line number="671" hits="3"/>
					</lines>
				</class>
				<class name="zspec_zig__2" filename="zspec.zig" branch-rate="1.0" complexity="1.0" line-rate="0.917">
					<lines>
						<line number="29" hits="1"/>
						<line number="30" hits="1"/>
						<line number="31" hits="1"/>
						<line number="32" hits="1"/>
						<line number="34" hits="4"/>
						<line number="37" hits="1"/>
						<line number="38" hits="1"/>
						<line number="39" hits="2"/>
						<line number="67" hits="2"/>
						<line number="68" hits="3"/>
						<line number="69" hits="0"/>
						<line number="70" hits="1"/>
						<line number="81" hits="1"/>
						<line number="82" hits="1"/>
						<line number="83" hits="0"/>
						<line number="84" hits="1"/>
						<line number="88" hits="1"/>
						<line number="89" hits="1"/>
						<line number="90" hits="0"/>
						<line number="91" hits="1"/>
						<line number="123" hits="1"/>
						<line number="124" hits="1"/>
						<line number="125" hits="0"/>
						<line number="126" hits="1"/>
						<line number="130" hits="2"/>
						<line number="131" hits="2"/>
						<line number="132" hits="2"/>
						<line number="133" hits="0"/>
						<line number="134" hits="2"/>
						<line number="171" hits="1"/>
						<line number="172" hits="1"/>
						<line number="177" hits="1"/>
						<line number="178" hits="2"/>
						<line number="179" hits="2"/>
						<line number="182" hits="1"/>
						<line number="187" hits="2"/>
						<line number="188" hits="2"/>
						<line number="191" hits="2"/>
						<line number="192" hits="2"/>
						<line number="195" hits="1"/>
						<line number="196" hits="2"/>
						<line number="197" hits="3"/>
						<line number="200" hits="1"/>
						<line number="201" hits="1"/>
						<line number="202" hits="2"/>
						<line number="205" hits="1"/>
						<line number="206" hits="1"/>
						<line number="207" hits="2"/>
						<line number="210" hits="1"/>
						<line number="211" hits="1"/>
						<line number="212" hits="2"/>
						<line number="215" hits="1"/>
						<line number="216" hits="1"/>
						<line number="217" hits="2"/>
						<line number="220" hits="1"/>
						<line number="221" hits="1"/>
						<line number="222" hits="1"/>
						<line number="223" hits="2"/>
						<line number="227" hits="1"/>
						<line number="229" hits="2"/>
					</lines>
				</class>
			</classes>
		</package>
	</packages>
</coverage>
